TN:
SF:src\controllers\AdminController.ts
FN:9,(anonymous_0)
FN:11,(anonymous_1)
FN:18,(anonymous_2)
FN:45,(anonymous_3)
FN:78,(anonymous_4)
FN:107,(anonymous_5)
FN:136,(anonymous_6)
FNF:7
FNH:7
FNDA:1,(anonymous_0)
FNDA:4,(anonymous_1)
FNDA:1,(anonymous_2)
FNDA:4,(anonymous_3)
FNDA:3,(anonymous_4)
FNDA:3,(anonymous_5)
FNDA:5,(anonymous_6)
DA:2,1
DA:4,1
DA:5,1
DA:6,1
DA:9,1
DA:12,4
DA:13,4
DA:14,4
DA:15,4
DA:16,4
DA:18,2
DA:29,2
DA:41,2
DA:46,4
DA:47,4
DA:48,4
DA:49,1
DA:52,3
DA:53,2
DA:54,1
DA:57,1
DA:67,1
DA:74,3
DA:79,3
DA:80,3
DA:81,3
DA:82,1
DA:85,2
DA:86,1
DA:96,1
DA:103,2
DA:108,3
DA:109,3
DA:110,3
DA:111,1
DA:114,2
DA:115,1
DA:125,1
DA:132,2
DA:137,5
DA:138,5
DA:139,5
DA:140,1
DA:143,4
DA:147,2
DA:157,2
DA:164,3
DA:169,1
LF:48
LH:48
BRDA:13,0,0,4
BRDA:13,0,1,1
BRDA:14,1,0,4
BRDA:14,1,1,2
BRDA:15,2,0,4
BRDA:15,2,1,3
BRDA:25,3,0,1
BRDA:25,3,1,0
BRDA:26,4,0,1
BRDA:26,4,1,1
BRDA:48,5,0,1
BRDA:53,6,0,1
BRDA:64,7,0,1
BRDA:64,7,1,0
BRDA:81,8,0,1
BRDA:93,9,0,1
BRDA:93,9,1,0
BRDA:110,10,0,1
BRDA:122,11,0,1
BRDA:122,11,1,0
BRDA:139,12,0,1
BRDA:139,13,0,5
BRDA:139,13,1,4
BRDA:143,14,0,2
BRDA:143,14,1,2
BRDA:154,15,0,2
BRDA:154,15,1,0
BRDA:160,16,0,1
BRDA:160,16,1,1
BRF:29
BRH:24
end_of_record
TN:
SF:src\repositories\BaseRepository.ts
FN:8,(anonymous_0)
FN:12,(anonymous_1)
FN:16,(anonymous_2)
FN:20,(anonymous_3)
FN:24,(anonymous_4)
FN:28,(anonymous_5)
FNF:6
FNH:6
FNDA:4,(anonymous_0)
FNDA:1,(anonymous_1)
FNDA:1,(anonymous_2)
FNDA:1,(anonymous_3)
FNDA:1,(anonymous_4)
FNDA:1,(anonymous_5)
DA:9,4
DA:13,1
DA:17,1
DA:21,1
DA:25,1
DA:29,1
DA:34,2
LF:7
LH:7
BRF:0
BRH:0
end_of_record
TN:
SF:src\repositories\UserRepository.ts
FN:10,(anonymous_1)
FN:14,(anonymous_2)
FN:18,(anonymous_3)
FN:27,(anonymous_4)
FN:43,(anonymous_5)
FNF:5
FNH:5
FNDA:3,(anonymous_1)
FNDA:1,(anonymous_2)
FNDA:1,(anonymous_3)
FNDA:1,(anonymous_4)
FNDA:2,(anonymous_5)
DA:4,1
DA:5,1
DA:11,3
DA:15,1
DA:19,1
DA:20,1
DA:24,1
DA:28,1
DA:29,1
DA:43,2
DA:50,1
DA:54,1
LF:12
LH:12
BRDA:18,0,0,1
BRF:1
BRH:1
end_of_record
TN:
SF:src\utils\errors.ts
FN:5,(anonymous_0)
FN:6,(anonymous_1)
FN:8,(anonymous_2)
FN:16,(anonymous_3)
FN:26,(anonymous_4)
FN:42,(anonymous_5)
FN:44,(anonymous_6)
FN:55,(anonymous_7)
FN:68,(anonymous_8)
FN:74,(anonymous_9)
FN:80,(anonymous_10)
FN:86,(anonymous_11)
FN:92,(anonymous_12)
FNF:13
FNH:8
FNDA:0,(anonymous_0)
FNDA:0,(anonymous_1)
FNDA:2,(anonymous_2)
FNDA:1,(anonymous_3)
FNDA:0,(anonymous_4)
FNDA:0,(anonymous_5)
FNDA:0,(anonymous_6)
FNDA:13,(anonymous_7)
FNDA:6,(anonymous_8)
FNDA:1,(anonymous_9)
FNDA:1,(anonymous_10)
FNDA:2,(anonymous_11)
FNDA:2,(anonymous_12)
DA:1,2
DA:3,2
DA:5,0
DA:6,0
DA:8,2
DA:16,1
DA:26,0
DA:42,0
DA:44,0
DA:54,2
DA:56,13
DA:57,13
DA:58,13
DA:59,13
DA:61,13
DA:62,13
DA:63,13
DA:67,2
DA:69,6
DA:73,2
DA:75,1
DA:79,2
DA:81,1
DA:85,2
DA:87,2
DA:91,2
DA:93,2
LF:27
LH:22
BRDA:58,0,0,0
BRDA:68,1,0,0
BRDA:74,2,0,0
BRDA:80,3,0,0
BRDA:86,4,0,0
BRDA:92,5,0,1
BRF:6
BRH:1
end_of_record
TN:
SF:src\utils\messages.ts
FN:34,(anonymous_0)
FNF:1
FNH:0
FNDA:0,(anonymous_0)
DA:1,2
DA:34,0
LF:2
LH:1
BRF:0
BRH:0
end_of_record
TN:
SF:src\utils\statusCode.ts
FN:1,(anonymous_0)
FNF:1
FNH:1
FNDA:1,(anonymous_0)
DA:1,1
DA:2,1
DA:3,1
DA:4,1
DA:5,1
DA:6,1
DA:7,1
DA:8,1
LF:8
LH:8
BRDA:1,0,0,1
BRDA:1,0,1,1
BRF:2
BRH:2
end_of_record
